<?xml version="1.0" encoding="UTF-8"?>
<testng-results ignored="0" total="1" passed="1" failed="0" skipped="0">
  <reporter-output>
  </reporter-output>
  <suite started-at="2023-03-10T14:59:44 IST" name="Default suite" finished-at="2023-03-10T15:00:04 IST" duration-ms="19336">
    <groups>
    </groups>
    <test started-at="2023-03-10T14:59:44 IST" name="Default test" finished-at="2023-03-10T15:00:04 IST" duration-ms="19336">
      <class name="com.demo.Test">
        <test-method signature="testLoginPage()[pri:0, instance:com.demo.Test@316bcf94]" started-at="2023-03-10T14:59:45 IST" name="testLoginPage" finished-at="2023-03-10T15:00:04 IST" duration-ms="19258" status="PASS">
          <reporter-output>
          </reporter-output>
        </test-method> <!-- testLoginPage -->
      </class> <!-- com.demo.Test -->
    </test> <!-- Default test -->
  </suite> <!-- Default suite -->
</testng-results>
