<?xml version="1.0" encoding="UTF-8"?>
<!-- Generated by org.testng.reporters.JUnitXMLReporter -->
<testsuite ignored="2" hostname="DESKTOP-VUDSQO6" failures="0" tests="4" name="Test" time="0.099" errors="0" timestamp="2023-03-10T14:16:58 IST">
  <testcase classname="testng.A" name="test1" time="0.012"/>
  <testcase classname="testng.A" name="test2" time="0.002"/>
  <testcase classname="testng.B" name="test4" time="0.002"/>
  <testcase classname="testng.C" name="test6" time="0.003"/>
  <testcase classname="testng.C" name="test5" time="0.0">
    <ignored/>
  </testcase> <!-- test5 -->
  <testcase classname="testng.B" name="test3" time="0.0">
    <ignored/>
  </testcase> <!-- test3 -->
</testsuite> <!-- Test -->
