<?xml version="1.0" encoding="UTF-8"?>
<testng-results ignored="0" total="1" passed="1" failed="0" skipped="0">
  <reporter-output>
  </reporter-output>
  <suite started-at="2023-03-10T14:28:05 IST" name="Default suite" finished-at="2023-03-10T14:28:05 IST" duration-ms="85">
    <groups>
    </groups>
    <test started-at="2023-03-10T14:28:05 IST" name="Default test" finished-at="2023-03-10T14:28:05 IST" duration-ms="85">
      <class name="testng.DPDemo">
        <test-method signature="Test(java.lang.Object,java.lang.Object)[pri:0, instance:testng.DPDemo@17497425]" started-at="2023-03-10T14:28:05 IST" name="Test" data-provider="data1" finished-at="2023-03-10T14:28:05 IST" duration-ms="9" status="PASS">
          <params>
            <param index="0">
              <value>
                <![CDATA[test1]]>
              </value>
            </param>
            <param index="1">
              <value>
                <![CDATA[test2]]>
              </value>
            </param>
          </params>
          <reporter-output>
          </reporter-output>
        </test-method> <!-- Test -->
      </class> <!-- testng.DPDemo -->
    </test> <!-- Default test -->
  </suite> <!-- Default suite -->
</testng-results>
